2022-12-20 21:26:49 INFO  HomePage :76 - Mouse hover on “Desktops” Tab and click [[ChromeDriver: chrome on WINDOWS (83c911316654850506c5163f4265edd4)] -> link text: Desktops]
2022-12-20 21:26:50 INFO  HomePage :95 - Click on Show All Desktop tab [[ChromeDriver: chrome on WINDOWS (83c911316654850506c5163f4265edd4)] -> link text: Show All Desktops]
2022-12-20 21:26:50 INFO  DesktopPage :45 - Click on sort by position [[ChromeDriver: chrome on WINDOWS (83c911316654850506c5163f4265edd4)] -> id: input-sort]
2022-12-20 21:26:51 INFO  DesktopPage :76 - Select option product sorted by Name (Z - A)from sort by options [[ChromeDriver: chrome on WINDOWS (83c911316654850506c5163f4265edd4)] -> id: input-sort]
2022-12-20 21:26:55 INFO  HomePage :76 - Mouse hover on “Desktops” Tab and click [[ChromeDriver: chrome on WINDOWS (06eeeecbea94761f14da2b604b57b001)] -> link text: Desktops]
2022-12-20 21:26:56 INFO  HomePage :95 - Click on Show All Desktop tab [[ChromeDriver: chrome on WINDOWS (06eeeecbea94761f14da2b604b57b001)] -> link text: Show All Desktops]
2022-12-20 21:26:56 INFO  HomePage :108 - Clicking on Currency on top of page [[ChromeDriver: chrome on WINDOWS (06eeeecbea94761f14da2b604b57b001)] -> xpath: //span[contains(text(),'Currency')]]
2022-12-20 21:26:56 INFO  HomePage :116 - Select £ Pound Sterling from currency drop down list [[[ChromeDriver: chrome on WINDOWS (06eeeecbea94761f14da2b604b57b001)] -> xpath: //ul[@class = 'dropdown-menu']/li], [[ChromeDriver: chrome on WINDOWS (06eeeecbea94761f14da2b604b57b001)] -> xpath: //ul[@class = 'dropdown-menu']/li], [[ChromeDriver: chrome on WINDOWS (06eeeecbea94761f14da2b604b57b001)] -> xpath: //ul[@class = 'dropdown-menu']/li]]
2022-12-20 21:26:57 INFO  DesktopPage :76 - Select option product sorted by Name (A - Z)from sort by options [[ChromeDriver: chrome on WINDOWS (06eeeecbea94761f14da2b604b57b001)] -> id: input-sort]
2022-12-20 21:26:58 INFO  DesktopPage :82 - Clicking on HP LP3065[[ChromeDriver: chrome on WINDOWS (06eeeecbea94761f14da2b604b57b001)] -> xpath: //a[contains(text(),'HP LP3065')]]
2022-12-20 21:26:58 INFO  ProductPage :52 - Verify the Text "HP LP3065" [[ChromeDriver: chrome on WINDOWS (06eeeecbea94761f14da2b604b57b001)] -> xpath: //a[contains(text(),'HP LP3065')]]
2022-12-20 21:26:58 INFO  ProductPage :58 - Select 2022November30to date field [[ChromeDriver: chrome on WINDOWS (06eeeecbea94761f14da2b604b57b001)] -> xpath: //div[@class = 'input-group date']//button]
2022-12-20 21:27:02 INFO  ProductPage :82 - Enter Qty1to quantity field [[ChromeDriver: chrome on WINDOWS (06eeeecbea94761f14da2b604b57b001)] -> xpath: //input[@id='input-quantity']]
2022-12-20 21:27:03 INFO  ProductPage :87 - Clicking on Login Button [[ChromeDriver: chrome on WINDOWS (06eeeecbea94761f14da2b604b57b001)] -> xpath: //button[@id='button-cart']]
2022-12-20 21:27:03 INFO  ProductPage :92 - Verify the Message “Success: You have added HP LP3065 to your shopping cart!” [[ChromeDriver: chrome on WINDOWS (06eeeecbea94761f14da2b604b57b001)] -> xpath: //div[@class='alert alert-success alert-dismissible']]
2022-12-20 21:27:04 INFO  ProductPage :99 - Click on link “shopping cart” display into success message [[ChromeDriver: chrome on WINDOWS (06eeeecbea94761f14da2b604b57b001)] -> xpath: //a[contains(text(),'shopping cart')]]
2022-12-20 21:27:04 INFO  ShoppingCartPage :46 -  Verify the text "Shopping Cart" [[ChromeDriver: chrome on WINDOWS (06eeeecbea94761f14da2b604b57b001)] -> xpath: //div[@id='content']//h1]
2022-12-20 21:27:04 INFO  ShoppingCartPage :51 - Verify the Product name "HP LP3065" [[ChromeDriver: chrome on WINDOWS (06eeeecbea94761f14da2b604b57b001)] -> xpath: //div[@class = 'table-responsive']/table/tbody/tr/td[2]/a]
2022-12-20 21:27:04 INFO  ShoppingCartPage :56 - Verify the Delivery Date "2022-11-30" [[ChromeDriver: chrome on WINDOWS (06eeeecbea94761f14da2b604b57b001)] -> xpath: //small[contains(text(),'Delivery Date: 2022-11-30')]]
2022-12-20 21:27:04 INFO  ShoppingCartPage :61 - Verify the Model "Product21" [[ChromeDriver: chrome on WINDOWS (06eeeecbea94761f14da2b604b57b001)] -> xpath: //td[contains(text(),'Product 21')]]
2022-12-20 21:27:04 INFO  ShoppingCartPage :66 - Verify the Todat "£74.73"[[ChromeDriver: chrome on WINDOWS (06eeeecbea94761f14da2b604b57b001)] -> xpath: //div[@class = 'table-responsive']/table/tbody/tr/td[6]]
2022-12-20 21:27:09 INFO  HomePage :82 - Mouse hover on “Laptops & Notebooks” Tab and click [[ChromeDriver: chrome on WINDOWS (f3e6eb98d92f0d496fab00ad648122ca)] -> link text: Laptops & Notebooks]
2022-12-20 21:27:09 INFO  HomePage :101 - Click on Show All LaptopAndNotebook Tab [[ChromeDriver: chrome on WINDOWS (f3e6eb98d92f0d496fab00ad648122ca)] -> link text: Show All Laptops & Notebooks]
2022-12-20 21:27:09 INFO  DesktopPage :45 - Click on sort by position [[ChromeDriver: chrome on WINDOWS (f3e6eb98d92f0d496fab00ad648122ca)] -> id: input-sort]
2022-12-20 21:27:10 INFO  DesktopPage :76 - Select option product sorted by Price (High > Low)from sort by options [[ChromeDriver: chrome on WINDOWS (f3e6eb98d92f0d496fab00ad648122ca)] -> id: input-sort]
2022-12-20 21:27:10 INFO  LaptopAndNotebookPage :65 - Verify Product sorted  price High to low [[[ChromeDriver: chrome on WINDOWS (f3e6eb98d92f0d496fab00ad648122ca)] -> xpath: //p[@class ='price']], [[ChromeDriver: chrome on WINDOWS (f3e6eb98d92f0d496fab00ad648122ca)] -> xpath: //p[@class ='price']], [[ChromeDriver: chrome on WINDOWS (f3e6eb98d92f0d496fab00ad648122ca)] -> xpath: //p[@class ='price']], [[ChromeDriver: chrome on WINDOWS (f3e6eb98d92f0d496fab00ad648122ca)] -> xpath: //p[@class ='price']], [[ChromeDriver: chrome on WINDOWS (f3e6eb98d92f0d496fab00ad648122ca)] -> xpath: //p[@class ='price']]]
2022-12-20 21:27:10 INFO  LaptopAndNotebookPage :65 - Verify Product sorted  price High to low [[[ChromeDriver: chrome on WINDOWS (f3e6eb98d92f0d496fab00ad648122ca)] -> xpath: //p[@class ='price']], [[ChromeDriver: chrome on WINDOWS (f3e6eb98d92f0d496fab00ad648122ca)] -> xpath: //p[@class ='price']], [[ChromeDriver: chrome on WINDOWS (f3e6eb98d92f0d496fab00ad648122ca)] -> xpath: //p[@class ='price']], [[ChromeDriver: chrome on WINDOWS (f3e6eb98d92f0d496fab00ad648122ca)] -> xpath: //p[@class ='price']], [[ChromeDriver: chrome on WINDOWS (f3e6eb98d92f0d496fab00ad648122ca)] -> xpath: //p[@class ='price']]]
2022-12-20 21:27:13 INFO  HomePage :82 - Mouse hover on “Laptops & Notebooks” Tab and click [[ChromeDriver: chrome on WINDOWS (de47f4447e55883c91436e5f11441190)] -> link text: Laptops & Notebooks]
2022-12-20 21:27:14 INFO  HomePage :101 - Click on Show All LaptopAndNotebook Tab [[ChromeDriver: chrome on WINDOWS (de47f4447e55883c91436e5f11441190)] -> link text: Show All Laptops & Notebooks]
2022-12-20 21:27:14 INFO  HomePage :108 - Clicking on Currency on top of page [[ChromeDriver: chrome on WINDOWS (de47f4447e55883c91436e5f11441190)] -> xpath: //span[contains(text(),'Currency')]]
2022-12-20 21:27:15 INFO  HomePage :116 - Select £ Pound Sterling from currency drop down list [[[ChromeDriver: chrome on WINDOWS (de47f4447e55883c91436e5f11441190)] -> xpath: //ul[@class = 'dropdown-menu']/li], [[ChromeDriver: chrome on WINDOWS (de47f4447e55883c91436e5f11441190)] -> xpath: //ul[@class = 'dropdown-menu']/li], [[ChromeDriver: chrome on WINDOWS (de47f4447e55883c91436e5f11441190)] -> xpath: //ul[@class = 'dropdown-menu']/li]]
2022-12-20 21:27:15 INFO  DesktopPage :76 - Select option product sorted by Price (High > Low)from sort by options [[ChromeDriver: chrome on WINDOWS (de47f4447e55883c91436e5f11441190)] -> id: input-sort]
2022-12-20 21:27:16 INFO  LaptopAndNotebookPage :85 - Select Macbook[[ChromeDriver: chrome on WINDOWS (de47f4447e55883c91436e5f11441190)] -> link text: MacBook]
2022-12-20 21:27:16 INFO  ProductPage :105 - Verify text MacBook [[ChromeDriver: chrome on WINDOWS (de47f4447e55883c91436e5f11441190)] -> xpath: //h1[contains(text(),'MacBook')]]
2022-12-20 21:27:17 INFO  ProductPage :87 - Clicking on Login Button [[ChromeDriver: chrome on WINDOWS (de47f4447e55883c91436e5f11441190)] -> xpath: //button[@id='button-cart']]
2022-12-20 21:27:18 INFO  ProductPage :92 - Verify the Message “Success: You have added HP LP3065 to your shopping cart!” [[ChromeDriver: chrome on WINDOWS (de47f4447e55883c91436e5f11441190)] -> xpath: //div[@class='alert alert-success alert-dismissible']]
2022-12-20 21:27:19 INFO  ProductPage :99 - Click on link “shopping cart” display into success message [[ChromeDriver: chrome on WINDOWS (de47f4447e55883c91436e5f11441190)] -> xpath: //a[contains(text(),'shopping cart')]]
2022-12-20 21:27:19 INFO  ShoppingCartPage :46 -  Verify the text "Shopping Cart" [[ChromeDriver: chrome on WINDOWS (de47f4447e55883c91436e5f11441190)] -> xpath: //div[@id='content']//h1]
2022-12-20 21:27:19 INFO  ShoppingCartPage :51 - Verify the Product name "HP LP3065" [[ChromeDriver: chrome on WINDOWS (de47f4447e55883c91436e5f11441190)] -> xpath: //div[@class = 'table-responsive']/table/tbody/tr/td[2]/a]
2022-12-20 21:27:19 INFO  ShoppingCartPage :74 - Change Quantity2to quantity field [[ChromeDriver: chrome on WINDOWS (de47f4447e55883c91436e5f11441190)] -> xpath: //div[@class='input-group btn-block']/input]
2022-12-20 21:27:19 INFO  ShoppingCartPage :79 -  Click on “Update” Tab [[ChromeDriver: chrome on WINDOWS (de47f4447e55883c91436e5f11441190)] -> xpath: //button[@type='submit']]
2022-12-20 21:27:19 INFO  ShoppingCartPage :83 - Getting welcome back text [[ChromeDriver: chrome on WINDOWS (de47f4447e55883c91436e5f11441190)] -> xpath: //div[@id='checkout-cart']/div[1]]
2022-12-20 21:27:19 INFO  ShoppingCartPage :66 - Verify the Todat "£74.73"[[ChromeDriver: chrome on WINDOWS (de47f4447e55883c91436e5f11441190)] -> xpath: //div[@class = 'table-responsive']/table/tbody/tr/td[6]]
2022-12-20 21:27:24 INFO  HomePage :132 - Select Loginfrom myAccount drop down list [[[ChromeDriver: chrome on WINDOWS (a261847f324dd2ace0402a48818423f0)] -> xpath: //ul[@class='dropdown-menu dropdown-menu-right']/li], [[ChromeDriver: chrome on WINDOWS (a261847f324dd2ace0402a48818423f0)] -> xpath: //ul[@class='dropdown-menu dropdown-menu-right']/li]]
2022-12-20 21:27:24 INFO  LoginPage :34 - Verify the text “Returning Customer” [[ChromeDriver: chrome on WINDOWS (a261847f324dd2ace0402a48818423f0)] -> xpath: //h2[contains(text(),'Returning Customer')]]
2022-12-20 21:27:28 INFO  HomePage :132 - Select Loginfrom myAccount drop down list [[[ChromeDriver: chrome on WINDOWS (8863c84e72c24d7c7590527762863d06)] -> xpath: //ul[@class='dropdown-menu dropdown-menu-right']/li], [[ChromeDriver: chrome on WINDOWS (8863c84e72c24d7c7590527762863d06)] -> xpath: //ul[@class='dropdown-menu dropdown-menu-right']/li]]
2022-12-20 21:27:28 INFO  LoginPage :41 - Enter emailprime123@gmail.comto email field [[ChromeDriver: chrome on WINDOWS (8863c84e72c24d7c7590527762863d06)] -> id: input-email]
2022-12-20 21:27:28 INFO  LoginPage :47 - Enter passwordtest123to password field [[ChromeDriver: chrome on WINDOWS (8863c84e72c24d7c7590527762863d06)] -> id: input-password]
2022-12-20 21:27:29 INFO  LoginPage :53 - Clicking on Login Button [[ChromeDriver: chrome on WINDOWS (8863c84e72c24d7c7590527762863d06)] -> xpath: //input[@value='Login']]
2022-12-20 21:27:29 INFO  LoginPage :58 - Verify text “My Account”[[ChromeDriver: chrome on WINDOWS (8863c84e72c24d7c7590527762863d06)] -> xpath: //h2[text()='My Account']]
2022-12-20 21:27:29 INFO  HomePage :132 - Select Logoutfrom myAccount drop down list [[[ChromeDriver: chrome on WINDOWS (8863c84e72c24d7c7590527762863d06)] -> xpath: //ul[@class='dropdown-menu dropdown-menu-right']/li], [[ChromeDriver: chrome on WINDOWS (8863c84e72c24d7c7590527762863d06)] -> xpath: //ul[@class='dropdown-menu dropdown-menu-right']/li], [[ChromeDriver: chrome on WINDOWS (8863c84e72c24d7c7590527762863d06)] -> xpath: //ul[@class='dropdown-menu dropdown-menu-right']/li], [[ChromeDriver: chrome on WINDOWS (8863c84e72c24d7c7590527762863d06)] -> xpath: //ul[@class='dropdown-menu dropdown-menu-right']/li], [[ChromeDriver: chrome on WINDOWS (8863c84e72c24d7c7590527762863d06)] -> xpath: //ul[@class='dropdown-menu dropdown-menu-right']/li]]
2022-12-20 21:27:29 INFO  LogoutPage :25 - Verify text "Account Logout" [[ChromeDriver: chrome on WINDOWS (8863c84e72c24d7c7590527762863d06)] -> xpath: //h1[text()='Account Logout']]
2022-12-20 21:27:30 INFO  LogoutPage :31 - Clicking on Continue Button [[ChromeDriver: chrome on WINDOWS (8863c84e72c24d7c7590527762863d06)] -> xpath: //a[contains(text(),'Continue')]]
2022-12-20 21:27:34 INFO  HomePage :132 - Select Registerfrom myAccount drop down list [[[ChromeDriver: chrome on WINDOWS (e9f4d6b7a99978c2108a47129249ebc8)] -> xpath: //ul[@class='dropdown-menu dropdown-menu-right']/li], [[ChromeDriver: chrome on WINDOWS (e9f4d6b7a99978c2108a47129249ebc8)] -> xpath: //ul[@class='dropdown-menu dropdown-menu-right']/li]]
2022-12-20 21:27:34 INFO  RegisterPage :57 - Verify the text “Register Account”. [[ChromeDriver: chrome on WINDOWS (e9f4d6b7a99978c2108a47129249ebc8)] -> xpath: //h1[contains(text(),'Register Account')]]
2022-12-20 21:27:38 INFO  HomePage :132 - Select Registerfrom myAccount drop down list [[[ChromeDriver: chrome on WINDOWS (6478b0280be759cc5ad7b28426215343)] -> xpath: //ul[@class='dropdown-menu dropdown-menu-right']/li], [[ChromeDriver: chrome on WINDOWS (6478b0280be759cc5ad7b28426215343)] -> xpath: //ul[@class='dropdown-menu dropdown-menu-right']/li]]
2022-12-20 21:27:38 INFO  RegisterPage :64 - Enter Firstnameprimeto Firstname field [[ChromeDriver: chrome on WINDOWS (6478b0280be759cc5ad7b28426215343)] -> id: input-firstname]
2022-12-20 21:27:38 INFO  RegisterPage :70 - Enter Lastnametesterto Lastname field [[ChromeDriver: chrome on WINDOWS (6478b0280be759cc5ad7b28426215343)] -> id: input-lastname]
2022-12-20 21:27:39 INFO  RegisterPage :75 - Enter emailprimeoPIJ@gmail.comto email field [[ChromeDriver: chrome on WINDOWS (6478b0280be759cc5ad7b28426215343)] -> id: input-email]
2022-12-20 21:27:39 INFO  RegisterPage :81 - Enter Telephone07645879809to Telephone field [[ChromeDriver: chrome on WINDOWS (6478b0280be759cc5ad7b28426215343)] -> id: input-telephone]
2022-12-20 21:27:39 INFO  RegisterPage :87 - Enter Password test123to Password field [[ChromeDriver: chrome on WINDOWS (6478b0280be759cc5ad7b28426215343)] -> id: input-password]
2022-12-20 21:27:39 INFO  RegisterPage :92 - Enter ConfirmPasswordtest123to ConfirmPassword field [[ChromeDriver: chrome on WINDOWS (6478b0280be759cc5ad7b28426215343)] -> id: input-confirm]
2022-12-20 21:27:39 INFO  RegisterPage :105 - Select SubscribeYesradio button [[[ChromeDriver: chrome on WINDOWS (6478b0280be759cc5ad7b28426215343)] -> xpath: //fieldset[3]//input], [[ChromeDriver: chrome on WINDOWS (6478b0280be759cc5ad7b28426215343)] -> xpath: //fieldset[3]//input]]
2022-12-20 21:27:39 INFO  RegisterPage :111 - Click on Privacy Policy check box [[ChromeDriver: chrome on WINDOWS (6478b0280be759cc5ad7b28426215343)] -> xpath: //input[@name='agree']]
2022-12-20 21:27:40 INFO  RegisterPage :116 - Clicking on Continue Button [[ChromeDriver: chrome on WINDOWS (6478b0280be759cc5ad7b28426215343)] -> xpath: //input[@type='submit']]
2022-12-20 21:27:40 INFO  RegisterPage :120 - Verify the message “Your Account Has Been Created!”[[ChromeDriver: chrome on WINDOWS (6478b0280be759cc5ad7b28426215343)] -> xpath: //h1[text()='Your Account Has Been Created!']]
2022-12-20 21:27:40 INFO  RegisterPage :126 - Clicking on Continue Button [[ChromeDriver: chrome on WINDOWS (6478b0280be759cc5ad7b28426215343)] -> xpath: //a[text()='Continue']]
2022-12-20 21:27:41 INFO  HomePage :132 - Select Logoutfrom myAccount drop down list [[[ChromeDriver: chrome on WINDOWS (6478b0280be759cc5ad7b28426215343)] -> xpath: //ul[@class='dropdown-menu dropdown-menu-right']/li], [[ChromeDriver: chrome on WINDOWS (6478b0280be759cc5ad7b28426215343)] -> xpath: //ul[@class='dropdown-menu dropdown-menu-right']/li], [[ChromeDriver: chrome on WINDOWS (6478b0280be759cc5ad7b28426215343)] -> xpath: //ul[@class='dropdown-menu dropdown-menu-right']/li], [[ChromeDriver: chrome on WINDOWS (6478b0280be759cc5ad7b28426215343)] -> xpath: //ul[@class='dropdown-menu dropdown-menu-right']/li], [[ChromeDriver: chrome on WINDOWS (6478b0280be759cc5ad7b28426215343)] -> xpath: //ul[@class='dropdown-menu dropdown-menu-right']/li]]
2022-12-20 21:27:41 INFO  LogoutPage :25 - Verify text "Account Logout" [[ChromeDriver: chrome on WINDOWS (6478b0280be759cc5ad7b28426215343)] -> xpath: //h1[text()='Account Logout']]
2022-12-20 21:27:41 INFO  LogoutPage :31 - Clicking on Continue Button [[ChromeDriver: chrome on WINDOWS (6478b0280be759cc5ad7b28426215343)] -> xpath: //a[contains(text(),'Continue')]]
2022-12-20 21:27:45 INFO  HomePage :76 - Mouse hover on “Desktops” Tab and click [[ChromeDriver: chrome on WINDOWS (39f9095270bb0f3a1a464c0b0705b09e)] -> link text: Desktops]
2022-12-20 21:27:46 INFO  HomePage :70 - Click Show All Desktopsfrom hompage top menubar  [[[ChromeDriver: chrome on WINDOWS (39f9095270bb0f3a1a464c0b0705b09e)] -> xpath: //nav[@id='menu']//ul/li[contains(@class, 'open')]/div/child::*], [[ChromeDriver: chrome on WINDOWS (39f9095270bb0f3a1a464c0b0705b09e)] -> xpath: //nav[@id='menu']//ul/li[contains(@class, 'open')]/div/child::*]]
2022-12-20 21:27:46 INFO  DesktopPage :38 - Verify the text ‘Desktops’[[ChromeDriver: chrome on WINDOWS (39f9095270bb0f3a1a464c0b0705b09e)] -> xpath: //h2[contains(text(),'Desktops')]]
2022-12-20 21:27:49 INFO  HomePage :82 - Mouse hover on “Laptops & Notebooks” Tab and click [[ChromeDriver: chrome on WINDOWS (3369091154fbc7611e0af9ca1b6a9533)] -> link text: Laptops & Notebooks]
2022-12-20 21:27:50 INFO  HomePage :70 - Click Show All Laptops & Notebooksfrom hompage top menubar  [[[ChromeDriver: chrome on WINDOWS (3369091154fbc7611e0af9ca1b6a9533)] -> xpath: //nav[@id='menu']//ul/li[contains(@class, 'open')]/div/child::*], [[ChromeDriver: chrome on WINDOWS (3369091154fbc7611e0af9ca1b6a9533)] -> xpath: //nav[@id='menu']//ul/li[contains(@class, 'open')]/div/child::*]]
2022-12-20 21:27:50 INFO  LaptopAndNotebookPage :38 - Verify the text ‘Laptops & Notebooks’ [[ChromeDriver: chrome on WINDOWS (3369091154fbc7611e0af9ca1b6a9533)] -> xpath: //h2[contains(text(),'Laptops & Notebooks')]]
2022-12-20 21:27:54 INFO  HomePage :88 -  Mouse hover on “Components” Tab and click [[ChromeDriver: chrome on WINDOWS (fd863d195f66b4de3ad7f83a6a5486a5)] -> link text: Components]
2022-12-20 21:27:54 INFO  HomePage :70 - Click Show All Componentsfrom hompage top menubar  [[[ChromeDriver: chrome on WINDOWS (fd863d195f66b4de3ad7f83a6a5486a5)] -> xpath: //nav[@id='menu']//ul/li[contains(@class, 'open')]/div/child::*], [[ChromeDriver: chrome on WINDOWS (fd863d195f66b4de3ad7f83a6a5486a5)] -> xpath: //nav[@id='menu']//ul/li[contains(@class, 'open')]/div/child::*]]
2022-12-20 21:27:54 INFO  ComponentsPage :22 - Verify the text ‘Components’[[ChromeDriver: chrome on WINDOWS (fd863d195f66b4de3ad7f83a6a5486a5)] -> xpath: //h2[contains(text(),'Components')]]
2022-12-20 21:40:04 INFO  HomePage :82 - Mouse hover on “Laptops & Notebooks” Tab and click [[ChromeDriver: chrome on WINDOWS (47be6c1e8149fd4a713183797c29f73e)] -> link text: Laptops & Notebooks]
2022-12-20 21:40:05 INFO  HomePage :70 - Click Show All Laptops & Notebooksfrom hompage top menubar  [[[ChromeDriver: chrome on WINDOWS (47be6c1e8149fd4a713183797c29f73e)] -> xpath: //nav[@id='menu']//ul/li[contains(@class, 'open')]/div/child::*], [[ChromeDriver: chrome on WINDOWS (47be6c1e8149fd4a713183797c29f73e)] -> xpath: //nav[@id='menu']//ul/li[contains(@class, 'open')]/div/child::*]]
2022-12-20 21:40:05 INFO  LaptopAndNotebookPage :38 - Verify the text ‘Laptops & Notebooks’ [[ChromeDriver: chrome on WINDOWS (47be6c1e8149fd4a713183797c29f73e)] -> xpath: //h2[contains(text(),'Laptops & Notebooks')]]
2022-12-20 21:40:44 INFO  HomePage :76 - Mouse hover on “Desktops” Tab and click [[ChromeDriver: chrome on WINDOWS (440a7f3c06c72e20beedcc208abc7aff)] -> link text: Desktops]
2022-12-20 21:40:45 INFO  HomePage :95 - Click on Show All Desktop tab [[ChromeDriver: chrome on WINDOWS (440a7f3c06c72e20beedcc208abc7aff)] -> link text: Show All Desktops]
2022-12-20 21:40:45 INFO  DesktopPage :45 - Click on sort by position [[ChromeDriver: chrome on WINDOWS (440a7f3c06c72e20beedcc208abc7aff)] -> id: input-sort]
2022-12-20 21:40:46 INFO  DesktopPage :76 - Select option product sorted by Name (Z - A)from sort by options [[ChromeDriver: chrome on WINDOWS (440a7f3c06c72e20beedcc208abc7aff)] -> id: input-sort]
2022-12-20 21:40:50 INFO  HomePage :76 - Mouse hover on “Desktops” Tab and click [[ChromeDriver: chrome on WINDOWS (d931edb8fcda13532805c974fff1549d)] -> link text: Desktops]
2022-12-20 21:40:51 INFO  HomePage :95 - Click on Show All Desktop tab [[ChromeDriver: chrome on WINDOWS (d931edb8fcda13532805c974fff1549d)] -> link text: Show All Desktops]
2022-12-20 21:40:51 INFO  HomePage :108 - Clicking on Currency on top of page [[ChromeDriver: chrome on WINDOWS (d931edb8fcda13532805c974fff1549d)] -> xpath: //span[contains(text(),'Currency')]]
2022-12-20 21:40:52 INFO  HomePage :116 - Select £ Pound Sterling from currency drop down list [[[ChromeDriver: chrome on WINDOWS (d931edb8fcda13532805c974fff1549d)] -> xpath: //ul[@class = 'dropdown-menu']/li], [[ChromeDriver: chrome on WINDOWS (d931edb8fcda13532805c974fff1549d)] -> xpath: //ul[@class = 'dropdown-menu']/li], [[ChromeDriver: chrome on WINDOWS (d931edb8fcda13532805c974fff1549d)] -> xpath: //ul[@class = 'dropdown-menu']/li]]
2022-12-20 21:40:52 INFO  DesktopPage :76 - Select option product sorted by Name (A - Z)from sort by options [[ChromeDriver: chrome on WINDOWS (d931edb8fcda13532805c974fff1549d)] -> id: input-sort]
2022-12-20 21:40:53 INFO  DesktopPage :82 - Clicking on HP LP3065[[ChromeDriver: chrome on WINDOWS (d931edb8fcda13532805c974fff1549d)] -> xpath: //a[contains(text(),'HP LP3065')]]
2022-12-20 21:40:53 INFO  ProductPage :52 - Verify the Text "HP LP3065" [[ChromeDriver: chrome on WINDOWS (d931edb8fcda13532805c974fff1549d)] -> xpath: //a[contains(text(),'HP LP3065')]]
2022-12-20 21:40:53 INFO  ProductPage :58 - Select 2022November30to date field [[ChromeDriver: chrome on WINDOWS (d931edb8fcda13532805c974fff1549d)] -> xpath: //div[@class = 'input-group date']//button]
2022-12-20 21:40:57 INFO  ProductPage :82 - Enter Qty1to quantity field [[ChromeDriver: chrome on WINDOWS (d931edb8fcda13532805c974fff1549d)] -> xpath: //input[@id='input-quantity']]
2022-12-20 21:40:58 INFO  ProductPage :87 - Clicking on Login Button [[ChromeDriver: chrome on WINDOWS (d931edb8fcda13532805c974fff1549d)] -> xpath: //button[@id='button-cart']]
2022-12-20 21:41:18 INFO  ProductPage :92 - Verify the Message “Success: You have added HP LP3065 to your shopping cart!” Proxy element for: DefaultElementLocator 'By.xpath: //div[@class='alert alert-success alert-dismissible']'
2022-12-20 21:41:48 INFO  HomePage :82 - Mouse hover on “Laptops & Notebooks” Tab and click [[ChromeDriver: chrome on WINDOWS (09d505b5e381bdf728958d15c323eace)] -> link text: Laptops & Notebooks]
2022-12-20 21:41:49 INFO  HomePage :101 - Click on Show All LaptopAndNotebook Tab [[ChromeDriver: chrome on WINDOWS (09d505b5e381bdf728958d15c323eace)] -> link text: Show All Laptops & Notebooks]
2022-12-20 21:41:49 INFO  DesktopPage :45 - Click on sort by position [[ChromeDriver: chrome on WINDOWS (09d505b5e381bdf728958d15c323eace)] -> id: input-sort]
2022-12-20 21:41:49 INFO  DesktopPage :76 - Select option product sorted by Price (High > Low)from sort by options [[ChromeDriver: chrome on WINDOWS (09d505b5e381bdf728958d15c323eace)] -> id: input-sort]
2022-12-20 21:41:49 INFO  LaptopAndNotebookPage :65 - Verify Product sorted  price High to low [[[ChromeDriver: chrome on WINDOWS (09d505b5e381bdf728958d15c323eace)] -> xpath: //p[@class ='price']], [[ChromeDriver: chrome on WINDOWS (09d505b5e381bdf728958d15c323eace)] -> xpath: //p[@class ='price']], [[ChromeDriver: chrome on WINDOWS (09d505b5e381bdf728958d15c323eace)] -> xpath: //p[@class ='price']], [[ChromeDriver: chrome on WINDOWS (09d505b5e381bdf728958d15c323eace)] -> xpath: //p[@class ='price']], [[ChromeDriver: chrome on WINDOWS (09d505b5e381bdf728958d15c323eace)] -> xpath: //p[@class ='price']]]
2022-12-20 21:41:49 INFO  LaptopAndNotebookPage :65 - Verify Product sorted  price High to low [[[ChromeDriver: chrome on WINDOWS (09d505b5e381bdf728958d15c323eace)] -> xpath: //p[@class ='price']], [[ChromeDriver: chrome on WINDOWS (09d505b5e381bdf728958d15c323eace)] -> xpath: //p[@class ='price']], [[ChromeDriver: chrome on WINDOWS (09d505b5e381bdf728958d15c323eace)] -> xpath: //p[@class ='price']], [[ChromeDriver: chrome on WINDOWS (09d505b5e381bdf728958d15c323eace)] -> xpath: //p[@class ='price']], [[ChromeDriver: chrome on WINDOWS (09d505b5e381bdf728958d15c323eace)] -> xpath: //p[@class ='price']]]
2022-12-20 21:41:53 INFO  HomePage :82 - Mouse hover on “Laptops & Notebooks” Tab and click [[ChromeDriver: chrome on WINDOWS (cdfe46b6d496e8eb52f66670bde3bb0a)] -> link text: Laptops & Notebooks]
2022-12-20 21:41:54 INFO  HomePage :101 - Click on Show All LaptopAndNotebook Tab [[ChromeDriver: chrome on WINDOWS (cdfe46b6d496e8eb52f66670bde3bb0a)] -> link text: Show All Laptops & Notebooks]
2022-12-20 21:41:54 INFO  HomePage :108 - Clicking on Currency on top of page [[ChromeDriver: chrome on WINDOWS (cdfe46b6d496e8eb52f66670bde3bb0a)] -> xpath: //span[contains(text(),'Currency')]]
2022-12-20 21:41:54 INFO  HomePage :116 - Select £ Pound Sterling from currency drop down list [[[ChromeDriver: chrome on WINDOWS (cdfe46b6d496e8eb52f66670bde3bb0a)] -> xpath: //ul[@class = 'dropdown-menu']/li], [[ChromeDriver: chrome on WINDOWS (cdfe46b6d496e8eb52f66670bde3bb0a)] -> xpath: //ul[@class = 'dropdown-menu']/li], [[ChromeDriver: chrome on WINDOWS (cdfe46b6d496e8eb52f66670bde3bb0a)] -> xpath: //ul[@class = 'dropdown-menu']/li]]
2022-12-20 21:41:55 INFO  DesktopPage :76 - Select option product sorted by Price (High > Low)from sort by options [[ChromeDriver: chrome on WINDOWS (cdfe46b6d496e8eb52f66670bde3bb0a)] -> id: input-sort]
2022-12-20 21:41:56 INFO  LaptopAndNotebookPage :85 - Select Macbook[[ChromeDriver: chrome on WINDOWS (cdfe46b6d496e8eb52f66670bde3bb0a)] -> link text: MacBook]
2022-12-20 21:41:56 INFO  ProductPage :105 - Verify text MacBook [[ChromeDriver: chrome on WINDOWS (cdfe46b6d496e8eb52f66670bde3bb0a)] -> xpath: //h1[contains(text(),'MacBook')]]
2022-12-20 21:41:57 INFO  ProductPage :87 - Clicking on Login Button [[ChromeDriver: chrome on WINDOWS (cdfe46b6d496e8eb52f66670bde3bb0a)] -> xpath: //button[@id='button-cart']]
2022-12-20 21:41:57 INFO  ProductPage :92 - Verify the Message “Success: You have added HP LP3065 to your shopping cart!” [[ChromeDriver: chrome on WINDOWS (cdfe46b6d496e8eb52f66670bde3bb0a)] -> xpath: //div[@class='alert alert-success alert-dismissible']]
2022-12-20 21:41:58 INFO  ProductPage :99 - Click on link “shopping cart” display into success message [[ChromeDriver: chrome on WINDOWS (cdfe46b6d496e8eb52f66670bde3bb0a)] -> xpath: //a[contains(text(),'shopping cart')]]
2022-12-20 21:41:58 INFO  ShoppingCartPage :46 -  Verify the text "Shopping Cart" [[ChromeDriver: chrome on WINDOWS (cdfe46b6d496e8eb52f66670bde3bb0a)] -> xpath: //div[@id='content']//h1]
2022-12-20 21:41:58 INFO  ShoppingCartPage :51 - Verify the Product name "HP LP3065" [[ChromeDriver: chrome on WINDOWS (cdfe46b6d496e8eb52f66670bde3bb0a)] -> xpath: //div[@class = 'table-responsive']/table/tbody/tr/td[2]/a]
2022-12-20 21:41:59 INFO  ShoppingCartPage :74 - Change Quantity2to quantity field [[ChromeDriver: chrome on WINDOWS (cdfe46b6d496e8eb52f66670bde3bb0a)] -> xpath: //div[@class='input-group btn-block']/input]
2022-12-20 21:41:59 INFO  ShoppingCartPage :79 -  Click on “Update” Tab [[ChromeDriver: chrome on WINDOWS (cdfe46b6d496e8eb52f66670bde3bb0a)] -> xpath: //button[@type='submit']]
2022-12-20 21:41:59 INFO  ShoppingCartPage :83 - Getting welcome back text [[ChromeDriver: chrome on WINDOWS (cdfe46b6d496e8eb52f66670bde3bb0a)] -> xpath: //div[@id='checkout-cart']/div[1]]
2022-12-20 21:41:59 INFO  ShoppingCartPage :66 - Verify the Todat "£74.73"[[ChromeDriver: chrome on WINDOWS (cdfe46b6d496e8eb52f66670bde3bb0a)] -> xpath: //div[@class = 'table-responsive']/table/tbody/tr/td[6]]
2022-12-20 21:42:04 INFO  HomePage :132 - Select Loginfrom myAccount drop down list [[[ChromeDriver: chrome on WINDOWS (4754e83ec01778702e17adfebd8c653d)] -> xpath: //ul[@class='dropdown-menu dropdown-menu-right']/li], [[ChromeDriver: chrome on WINDOWS (4754e83ec01778702e17adfebd8c653d)] -> xpath: //ul[@class='dropdown-menu dropdown-menu-right']/li]]
2022-12-20 21:42:04 INFO  LoginPage :34 - Verify the text “Returning Customer” [[ChromeDriver: chrome on WINDOWS (4754e83ec01778702e17adfebd8c653d)] -> xpath: //h2[contains(text(),'Returning Customer')]]
2022-12-20 21:42:08 INFO  HomePage :132 - Select Loginfrom myAccount drop down list [[[ChromeDriver: chrome on WINDOWS (bb3fb483e4ca5d085da34bebb7666cd8)] -> xpath: //ul[@class='dropdown-menu dropdown-menu-right']/li], [[ChromeDriver: chrome on WINDOWS (bb3fb483e4ca5d085da34bebb7666cd8)] -> xpath: //ul[@class='dropdown-menu dropdown-menu-right']/li]]
2022-12-20 21:42:08 INFO  LoginPage :41 - Enter emailprime123@gmail.comto email field [[ChromeDriver: chrome on WINDOWS (bb3fb483e4ca5d085da34bebb7666cd8)] -> id: input-email]
2022-12-20 21:42:08 INFO  LoginPage :47 - Enter passwordtest123to password field [[ChromeDriver: chrome on WINDOWS (bb3fb483e4ca5d085da34bebb7666cd8)] -> id: input-password]
2022-12-20 21:42:09 INFO  LoginPage :53 - Clicking on Login Button [[ChromeDriver: chrome on WINDOWS (bb3fb483e4ca5d085da34bebb7666cd8)] -> xpath: //input[@value='Login']]
2022-12-20 21:42:09 INFO  LoginPage :58 - Verify text “My Account”[[ChromeDriver: chrome on WINDOWS (bb3fb483e4ca5d085da34bebb7666cd8)] -> xpath: //h2[text()='My Account']]
2022-12-20 21:42:09 INFO  HomePage :132 - Select Logoutfrom myAccount drop down list [[[ChromeDriver: chrome on WINDOWS (bb3fb483e4ca5d085da34bebb7666cd8)] -> xpath: //ul[@class='dropdown-menu dropdown-menu-right']/li], [[ChromeDriver: chrome on WINDOWS (bb3fb483e4ca5d085da34bebb7666cd8)] -> xpath: //ul[@class='dropdown-menu dropdown-menu-right']/li], [[ChromeDriver: chrome on WINDOWS (bb3fb483e4ca5d085da34bebb7666cd8)] -> xpath: //ul[@class='dropdown-menu dropdown-menu-right']/li], [[ChromeDriver: chrome on WINDOWS (bb3fb483e4ca5d085da34bebb7666cd8)] -> xpath: //ul[@class='dropdown-menu dropdown-menu-right']/li], [[ChromeDriver: chrome on WINDOWS (bb3fb483e4ca5d085da34bebb7666cd8)] -> xpath: //ul[@class='dropdown-menu dropdown-menu-right']/li]]
2022-12-20 21:42:09 INFO  LogoutPage :25 - Verify text "Account Logout" [[ChromeDriver: chrome on WINDOWS (bb3fb483e4ca5d085da34bebb7666cd8)] -> xpath: //h1[text()='Account Logout']]
2022-12-20 21:42:09 INFO  LogoutPage :31 - Clicking on Continue Button [[ChromeDriver: chrome on WINDOWS (bb3fb483e4ca5d085da34bebb7666cd8)] -> xpath: //a[contains(text(),'Continue')]]
2022-12-20 21:42:14 INFO  HomePage :132 - Select Registerfrom myAccount drop down list [[[ChromeDriver: chrome on WINDOWS (f1a62745609dd2f4a10c8c9f2b8fbd26)] -> xpath: //ul[@class='dropdown-menu dropdown-menu-right']/li], [[ChromeDriver: chrome on WINDOWS (f1a62745609dd2f4a10c8c9f2b8fbd26)] -> xpath: //ul[@class='dropdown-menu dropdown-menu-right']/li]]
2022-12-20 21:42:14 INFO  RegisterPage :57 - Verify the text “Register Account”. [[ChromeDriver: chrome on WINDOWS (f1a62745609dd2f4a10c8c9f2b8fbd26)] -> xpath: //h1[contains(text(),'Register Account')]]
2022-12-20 21:42:18 INFO  HomePage :132 - Select Registerfrom myAccount drop down list [[[ChromeDriver: chrome on WINDOWS (051065e0b6621adae5a7cbe4614b8dbb)] -> xpath: //ul[@class='dropdown-menu dropdown-menu-right']/li], [[ChromeDriver: chrome on WINDOWS (051065e0b6621adae5a7cbe4614b8dbb)] -> xpath: //ul[@class='dropdown-menu dropdown-menu-right']/li]]
2022-12-20 21:42:18 INFO  RegisterPage :64 - Enter Firstnameprimeto Firstname field [[ChromeDriver: chrome on WINDOWS (051065e0b6621adae5a7cbe4614b8dbb)] -> id: input-firstname]
2022-12-20 21:42:18 INFO  RegisterPage :70 - Enter Lastnametesterto Lastname field [[ChromeDriver: chrome on WINDOWS (051065e0b6621adae5a7cbe4614b8dbb)] -> id: input-lastname]
2022-12-20 21:42:18 INFO  RegisterPage :75 - Enter emailprimeycmU@gmail.comto email field [[ChromeDriver: chrome on WINDOWS (051065e0b6621adae5a7cbe4614b8dbb)] -> id: input-email]
2022-12-20 21:42:18 INFO  RegisterPage :81 - Enter Telephone07645879809to Telephone field [[ChromeDriver: chrome on WINDOWS (051065e0b6621adae5a7cbe4614b8dbb)] -> id: input-telephone]
2022-12-20 21:42:19 INFO  RegisterPage :87 - Enter Password test123to Password field [[ChromeDriver: chrome on WINDOWS (051065e0b6621adae5a7cbe4614b8dbb)] -> id: input-password]
2022-12-20 21:42:19 INFO  RegisterPage :92 - Enter ConfirmPasswordtest123to ConfirmPassword field [[ChromeDriver: chrome on WINDOWS (051065e0b6621adae5a7cbe4614b8dbb)] -> id: input-confirm]
2022-12-20 21:42:19 INFO  RegisterPage :105 - Select SubscribeYesradio button [[[ChromeDriver: chrome on WINDOWS (051065e0b6621adae5a7cbe4614b8dbb)] -> xpath: //fieldset[3]//input], [[ChromeDriver: chrome on WINDOWS (051065e0b6621adae5a7cbe4614b8dbb)] -> xpath: //fieldset[3]//input]]
2022-12-20 21:42:19 INFO  RegisterPage :111 - Click on Privacy Policy check box [[ChromeDriver: chrome on WINDOWS (051065e0b6621adae5a7cbe4614b8dbb)] -> xpath: //input[@name='agree']]
2022-12-20 21:42:20 INFO  RegisterPage :116 - Clicking on Continue Button [[ChromeDriver: chrome on WINDOWS (051065e0b6621adae5a7cbe4614b8dbb)] -> xpath: //input[@type='submit']]
2022-12-20 21:42:20 INFO  RegisterPage :120 - Verify the message “Your Account Has Been Created!”[[ChromeDriver: chrome on WINDOWS (051065e0b6621adae5a7cbe4614b8dbb)] -> xpath: //h1[text()='Your Account Has Been Created!']]
2022-12-20 21:42:20 INFO  RegisterPage :126 - Clicking on Continue Button [[ChromeDriver: chrome on WINDOWS (051065e0b6621adae5a7cbe4614b8dbb)] -> xpath: //a[text()='Continue']]
2022-12-20 21:42:21 INFO  HomePage :132 - Select Logoutfrom myAccount drop down list [[[ChromeDriver: chrome on WINDOWS (051065e0b6621adae5a7cbe4614b8dbb)] -> xpath: //ul[@class='dropdown-menu dropdown-menu-right']/li], [[ChromeDriver: chrome on WINDOWS (051065e0b6621adae5a7cbe4614b8dbb)] -> xpath: //ul[@class='dropdown-menu dropdown-menu-right']/li], [[ChromeDriver: chrome on WINDOWS (051065e0b6621adae5a7cbe4614b8dbb)] -> xpath: //ul[@class='dropdown-menu dropdown-menu-right']/li], [[ChromeDriver: chrome on WINDOWS (051065e0b6621adae5a7cbe4614b8dbb)] -> xpath: //ul[@class='dropdown-menu dropdown-menu-right']/li], [[ChromeDriver: chrome on WINDOWS (051065e0b6621adae5a7cbe4614b8dbb)] -> xpath: //ul[@class='dropdown-menu dropdown-menu-right']/li]]
2022-12-20 21:42:21 INFO  LogoutPage :25 - Verify text "Account Logout" [[ChromeDriver: chrome on WINDOWS (051065e0b6621adae5a7cbe4614b8dbb)] -> xpath: //h1[text()='Account Logout']]
2022-12-20 21:42:21 INFO  LogoutPage :31 - Clicking on Continue Button [[ChromeDriver: chrome on WINDOWS (051065e0b6621adae5a7cbe4614b8dbb)] -> xpath: //a[contains(text(),'Continue')]]
2022-12-20 21:42:25 INFO  HomePage :76 - Mouse hover on “Desktops” Tab and click [[ChromeDriver: chrome on WINDOWS (c1edf579430c84df51bca106ba4c1781)] -> link text: Desktops]
2022-12-20 21:42:26 INFO  HomePage :70 - Click Show All Desktopsfrom hompage top menubar  [[[ChromeDriver: chrome on WINDOWS (c1edf579430c84df51bca106ba4c1781)] -> xpath: //nav[@id='menu']//ul/li[contains(@class, 'open')]/div/child::*], [[ChromeDriver: chrome on WINDOWS (c1edf579430c84df51bca106ba4c1781)] -> xpath: //nav[@id='menu']//ul/li[contains(@class, 'open')]/div/child::*]]
2022-12-20 21:42:26 INFO  DesktopPage :38 - Verify the text ‘Desktops’[[ChromeDriver: chrome on WINDOWS (c1edf579430c84df51bca106ba4c1781)] -> xpath: //h2[contains(text(),'Desktops')]]
2022-12-20 21:42:30 INFO  HomePage :82 - Mouse hover on “Laptops & Notebooks” Tab and click [[ChromeDriver: chrome on WINDOWS (4aa2eaba7e0fd0329b7790cd0e00da5f)] -> link text: Laptops & Notebooks]
2022-12-20 21:42:30 INFO  HomePage :70 - Click Show All Laptops & Notebooksfrom hompage top menubar  [[[ChromeDriver: chrome on WINDOWS (4aa2eaba7e0fd0329b7790cd0e00da5f)] -> xpath: //nav[@id='menu']//ul/li[contains(@class, 'open')]/div/child::*], [[ChromeDriver: chrome on WINDOWS (4aa2eaba7e0fd0329b7790cd0e00da5f)] -> xpath: //nav[@id='menu']//ul/li[contains(@class, 'open')]/div/child::*]]
2022-12-20 21:42:30 INFO  LaptopAndNotebookPage :38 - Verify the text ‘Laptops & Notebooks’ [[ChromeDriver: chrome on WINDOWS (4aa2eaba7e0fd0329b7790cd0e00da5f)] -> xpath: //h2[contains(text(),'Laptops & Notebooks')]]
2022-12-20 21:42:34 INFO  HomePage :88 -  Mouse hover on “Components” Tab and click [[ChromeDriver: chrome on WINDOWS (d27b896bb3c9d691bd8f964aad7e4302)] -> link text: Components]
2022-12-20 21:42:35 INFO  HomePage :70 - Click Show All Componentsfrom hompage top menubar  [[[ChromeDriver: chrome on WINDOWS (d27b896bb3c9d691bd8f964aad7e4302)] -> xpath: //nav[@id='menu']//ul/li[contains(@class, 'open')]/div/child::*], [[ChromeDriver: chrome on WINDOWS (d27b896bb3c9d691bd8f964aad7e4302)] -> xpath: //nav[@id='menu']//ul/li[contains(@class, 'open')]/div/child::*]]
2022-12-20 21:42:35 INFO  ComponentsPage :22 - Verify the text ‘Components’[[ChromeDriver: chrome on WINDOWS (d27b896bb3c9d691bd8f964aad7e4302)] -> xpath: //h2[contains(text(),'Components')]]
